\BOOKMARK [0][-]{chapter*.1}{Abstract}{}% 1
\BOOKMARK [0][-]{chapter*.2}{Resumo}{}% 2
\BOOKMARK [0][-]{chapter*.3}{Acknowledgements}{}% 3
\BOOKMARK [0][-]{chapter.1}{Introduction}{}% 4
\BOOKMARK [1][-]{section.1.1}{What this is all about}{chapter.1}% 5
\BOOKMARK [1][-]{section.1.2}{What a problem!}{chapter.1}% 6
\BOOKMARK [2][-]{subsection.1.2.1}{Hard one}{section.1.2}% 7
\BOOKMARK [2][-]{subsection.1.2.2}{Hard two}{section.1.2}% 8
\BOOKMARK [2][-]{subsection.1.2.3}{Hard three}{section.1.2}% 9
\BOOKMARK [2][-]{subsection.1.2.4}{Hard four}{section.1.2}% 10
\BOOKMARK [2][-]{subsection.1.2.5}{Hard five}{section.1.2}% 11
\BOOKMARK [1][-]{section.1.3}{What a solution!}{chapter.1}% 12
\BOOKMARK [2][-]{subsection.1.3.1}{Nice one}{section.1.3}% 13
\BOOKMARK [2][-]{subsection.1.3.2}{Nice two}{section.1.3}% 14
\BOOKMARK [2][-]{subsection.1.3.3}{Nice three}{section.1.3}% 15
\BOOKMARK [2][-]{subsection.1.3.4}{Nice four}{section.1.3}% 16
\BOOKMARK [2][-]{subsection.1.3.5}{Nice five}{section.1.3}% 17
\BOOKMARK [0][-]{chapter.2}{Conclusions}{}% 18
\BOOKMARK [1][-]{section.2.1}{This must be the way}{chapter.2}% 19
\BOOKMARK [1][-]{section.2.2}{Surely is!}{chapter.2}% 20
\BOOKMARK [2][-]{subsection.2.2.1}{Hard one}{section.2.2}% 21
\BOOKMARK [2][-]{subsection.2.2.2}{Hard two}{section.2.2}% 22
\BOOKMARK [2][-]{subsection.2.2.3}{Hard three}{section.2.2}% 23
\BOOKMARK [2][-]{subsection.2.2.4}{Hard four}{section.2.2}% 24
\BOOKMARK [2][-]{subsection.2.2.5}{Hard five}{section.2.2}% 25
\BOOKMARK [1][-]{section.2.3}{Cheers!}{chapter.2}% 26
\BOOKMARK [2][-]{subsection.2.3.1}{Nice one}{section.2.3}% 27
\BOOKMARK [2][-]{subsection.2.3.2}{Nice two}{section.2.3}% 28
\BOOKMARK [2][-]{subsection.2.3.3}{Nice three}{section.2.3}% 29
\BOOKMARK [2][-]{subsection.2.3.4}{Nice four}{section.2.3}% 30
\BOOKMARK [2][-]{subsection.2.3.5}{Nice five}{section.2.3}% 31
\BOOKMARK [0][-]{section*.7}{Bibliography}{}% 32
\BOOKMARK [0][-]{appendix.A}{Demonstration}{}% 33
